{"C:\\GB\\UnitTestJS\\UnitTest\\lesson6\\src\\Calculator.js": {"path":"C:\\GB\\UnitTestJS\\UnitTest\\lesson6\\src\\Calculator.js","statementMap":{"0":{"start":{"line":5,"column":4},"end":{"line":5,"column":40}},"1":{"start":{"line":6,"column":4},"end":{"line":6,"column":40}},"2":{"start":{"line":8,"column":4},"end":{"line":14,"column":5}},"3":{"start":{"line":9,"column":6},"end":{"line":9,"column":60}},"4":{"start":{"line":10,"column":11},"end":{"line":14,"column":5}},"5":{"start":{"line":11,"column":6},"end":{"line":11,"column":60}},"6":{"start":{"line":13,"column":6},"end":{"line":13,"column":38}},"7":{"start":{"line":18,"column":14},"end":{"line":18,"column":15}},"8":{"start":{"line":19,"column":4},"end":{"line":21,"column":5}},"9":{"start":{"line":19,"column":16},"end":{"line":19,"column":17}},"10":{"start":{"line":20,"column":6},"end":{"line":20,"column":21}},"11":{"start":{"line":22,"column":4},"end":{"line":22,"column":29}},"12":{"start":{"line":26,"column":0},"end":{"line":26,"column":30}}},"fnMap":{"0":{"name":"(anonymous_0)","decl":{"start":{"line":4,"column":2},"end":{"line":4,"column":3}},"loc":{"start":{"line":4,"column":24},"end":{"line":15,"column":3}},"line":4},"1":{"name":"(anonymous_1)","decl":{"start":{"line":17,"column":2},"end":{"line":17,"column":3}},"loc":{"start":{"line":17,"column":15},"end":{"line":23,"column":3}},"line":17}},"branchMap":{"0":{"loc":{"start":{"line":8,"column":4},"end":{"line":14,"column":5}},"type":"if","locations":[{"start":{"line":8,"column":4},"end":{"line":14,"column":5}},{"start":{"line":10,"column":11},"end":{"line":14,"column":5}}],"line":8},"1":{"loc":{"start":{"line":10,"column":11},"end":{"line":14,"column":5}},"type":"if","locations":[{"start":{"line":10,"column":11},"end":{"line":14,"column":5}},{"start":{"line":12,"column":11},"end":{"line":14,"column":5}}],"line":10}},"s":{"0":3,"1":3,"2":3,"3":1,"4":2,"5":1,"6":1,"7":7,"8":7,"9":7,"10":21,"11":7,"12":1},"f":{"0":3,"1":7},"b":{"0":[1,2],"1":[1,1]},"_coverageSchema":"1a1c01bbd47fc00a2c39e90264f33305004495a9","hash":"6aa31363a887c0a2dd525763933555755bc22f5b"}
}
